<?xml version="1.0" encoding="UTF-8"?>
<!-- Generated by org.testng.reporters.JUnitReportReporter -->
<testsuite hostname="MACMD770" failures="0" tests="2" name="runner.runner_zero" time="8.488" errors="2" timestamp="2025-01-27T17:21:51 IST" skipped="0">
  <testcase classname="runner.runner_zero" name="runScenario" time="2.433">
    <error message="TODO: implement me" type="io.cucumber.java.PendingException">
      <![CDATA[io.cucumber.java.PendingException: TODO: implement me
at steps.pledage_mstock.useron_the_brokerage_savings_page(pledage_mstock.java:120)
at ✽.Useron the brokerage-savings page.(file:///C:/Users/vivek.nityo/Downloads/HealthMonitoring/HealthMonitoring/src/main/resources/feature/pledage_mstock.feature:16)
]]>
    </error>
  </testcase> <!-- runScenario -->
  <system-out/>
  <testcase classname="runner.runner_zero" name="runScenario" time="6.055">
    <error message="TODO: implement me" type="io.cucumber.java.PendingException">
      <![CDATA[io.cucumber.java.PendingException: TODO: implement me
at steps.pledage_mstock.i_enter_a_mobile_number_and_click_on_the_button(pledage_mstock.java:44)
at ✽.I enter a mobile number and click on the "Open your demat account" button(file:///C:/Users/vivek.nityo/Downloads/HealthMonitoring/HealthMonitoring/src/main/resources/feature/pledage_mstock.feature:4)
]]>
    </error>
  </testcase> <!-- runScenario -->
  <system-out/>
</testsuite> <!-- runner.runner_zero -->
