<?xml version="1.0" encoding="UTF-8"?>
<!-- Generated by org.testng.reporters.JUnitReportReporter -->
<testsuite hostname="MACMD770" failures="0" tests="1" name="runner.runner_zero" time="24.670" errors="0" timestamp="2025-02-05T14:32:02 IST" skipped="0">
  <testcase classname="runner.runner_zero" name="runScenario" time="24.670"/>
  <system-out>
    <![CDATA[https://www.mstock.com/sem-landing/margin-trading]]>
  </system-out>
</testsuite> <!-- runner.runner_zero -->
